<?xml version="1.0" encoding="UTF-8"?>
<!-- Generated by org.testng.reporters.JUnitReportReporter -->
<testsuite hostname="BCP-ATLT21117" failures="0" tests="3" name="RestAPITestProject.RestAPITest" time="7.677" errors="0" timestamp="2022-11-28T17:17:04 IST" skipped="0">
  <testcase classname="RestAPITestProject.RestAPITest" name="doPost" time="4.474"/>
  <system-out/>
  <testcase classname="RestAPITestProject.RestAPITest" name="doGet" time="1.260"/>
  <system-out/>
  <testcase classname="RestAPITestProject.RestAPITest" name="doDelete" time="1.943"/>
  <system-out/>
</testsuite> <!-- RestAPITestProject.RestAPITest -->
