<?xml version="1.0" encoding="UTF-8"?>
<!-- Generated by org.testng.reporters.JUnitReportReporter -->
<testsuite hostname="BCP-ATLT21117" failures="0" tests="2" name="RestAPITestProject.VerifyRestAPIs" time="5.072" errors="0" timestamp="2022-11-26T20:57:39 IST" skipped="0">
  <testcase classname="RestAPITestProject.VerifyRestAPIs" name="doPost" time="3.783"/>
  <system-out/>
  <testcase classname="RestAPITestProject.VerifyRestAPIs" name="doGet" time="1.289"/>
  <system-out/>
</testsuite> <!-- RestAPITestProject.VerifyRestAPIs -->
