<?xml version="1.0" encoding="UTF-8"?>
<!-- Generated by org.testng.reporters.JUnitReportReporter -->
<testsuite hostname="BCP-ATLT21117" failures="0" tests="2" name="RestAPITestProject.Test1" time="5.257" errors="0" timestamp="2022-11-26T20:48:09 IST" skipped="0">
  <testcase classname="RestAPITestProject.Test1" name="doPost" time="4.060"/>
  <system-out/>
  <testcase classname="RestAPITestProject.Test1" name="doGet" time="1.197"/>
  <system-out/>
</testsuite> <!-- RestAPITestProject.Test1 -->
